#
# A fatal error has been detected by the Java Runtime Environment:
#
#  SIGSEGV (0xb) at pc=0x0000000103048358, pid=3225, tid=17155
#
# JRE version: Java(TM) SE Runtime Environment (8.0_91-b14) (build 1.8.0_91-b14)
# Java VM: Java HotSpot(TM) 64-Bit Server VM (25.91-b14 mixed mode bsd-amd64 compressed oops)
# Problematic frame:
# V  [libjvm.dylib+0x448358]
#
# Failed to write core dump. Core dumps have been disabled. To enable core dumping, try "ulimit -c unlimited" before starting Java again
#
# If you would like to submit a bug report, please visit:
#   http://bugreport.java.com/bugreport/crash.jsp
#

---------------  T H R E A D  ---------------

Current thread (0x00007f865980b000):  JavaThread "JDWP Transport Listener: dt_socket" daemon [_thread_in_vm, id=17155, stack(0x000070000243e000,0x000070000253e000)]

siginfo: si_signo: 11 (SIGSEGV), si_code: 0 (unknown), si_addr: 0x0000000000000000

Registers:
RAX=0x0000000000000001, RBX=0x000070000253da8b, RCX=0x0000000103418340, RDX=0x000070000253da8b
RSP=0x000070000253d9d0, RBP=0x000070000253d9e0, RSI=0x00007f865980b000, RDI=0x0002000000000000
R8 =0x0000000000000001, R9 =0x00007f8657e15ea0, R10=0x0000000000000001, R11=0x0000000000000002
R12=0x00007f865980b000, R13=0x0002000000000000, R14=0x0002000000000000, R15=0x00007f8657d02a70
RIP=0x0000000103048358, EFLAGS=0x0000000000010206, ERR=0x0000000000000000
  TRAPNO=0x000000000000000d

Top of Stack: (sp=0x000070000253d9d0)
0x000070000253d9d0:   000070000253da8b 000070000253da8b
0x000070000253d9e0:   000070000253da40 0000000102f57316
0x000070000253d9f0:   00007f865980b000 0000000000000000
0x000070000253da00:   0000000000000000 0000000000000000
0x000070000253da10:   00007f865980b000 00007f865980b000
0x000070000253da20:   000070000253da8b 000070000253da90
0x000070000253da30:   0002000000000000 0000000000000003
0x000070000253da40:   000070000253da60 0000000102288780
0x000070000253da50:   0000000000000001 000070000253db08
0x000070000253da60:   000070000253dad0 000000010226d1f3
0x000070000253da70:   000070000253daa0 00007f8657e14b40
0x000070000253da80:   0000000400000032 0000000a0053db08
0x000070000253da90:   0000000000000000 0000000000000000
0x000070000253daa0:   0000000000000000 000070000253dc90
0x000070000253dab0:   000000010228fe7a 00007f8657e16720
0x000070000253dac0:   000070000253db08 000000010229b598
0x000070000253dad0:   000070000253dae0 000000010226d2ec
0x000070000253dae0:   000070000253dd00 0000000102276898
0x000070000253daf0:   0000e1fa00000013 00000000000f0200
0x000070000253db00:   00007f8657e14fe0 000070000253dc29
0x000070000253db10:   00007f860000005b 000070000253db20
0x000070000253db20:   00007f86000000d1 000070000253db58
0x000070000253db30:   0000000000000000 0000000000000000
0x000070000253db40:   0000e1fa0000000f 00007f860000ba80
0x000070000253db50:   000070000253db58 867f000004000000
0x000070000253db60:   0e0000005843e157 4f6563616c706572
0x000070000253db70:   00006f72655a656e 6176616a4c282600
0x000070000253db80:   74532f676e616c2f 6a4c293b676e6972
0x000070000253db90:   676e616c2f617661 3b676e697274532f
0x000070000253dba0:   0a00000000000000 3843e157867f0000
0x000070000253dbb0:   6e69616d04000000 6a4c5b2816000000
0x000070000253dbc0:   676e616c2f617661 3b676e697274532f 

Instructions: (pc=0x0000000103048358)
0x0000000103048338:   40 48 48 85 c0 75 e0 30 c0 0f b6 c0 5d c3 31 c0
0x0000000103048348:   5d c3 55 48 89 e5 53 48 83 ec 08 48 85 ff 74 24
0x0000000103048358:   48 8b 1f 48 85 db 74 1c 48 83 fb 37 74 16 48 8b
0x0000000103048368:   03 48 89 df ff 50 10 84 c0 b8 00 00 00 00 48 0f 

Register to memory mapping:

RAX=0x0000000000000001 is an unknown value
RBX=0x000070000253da8b is pointing into the stack for thread: 0x00007f865980b000
RCX=0x0000000103418340: UseMembar+0 in /Library/Java/JavaVirtualMachines/jdk1.8.0_91.jdk/Contents/Home/jre/lib/server/libjvm.dylib at 0x0000000102c00000
RDX=0x000070000253da8b is pointing into the stack for thread: 0x00007f865980b000
RSP=0x000070000253d9d0 is pointing into the stack for thread: 0x00007f865980b000
RBP=0x000070000253d9e0 is pointing into the stack for thread: 0x00007f865980b000
RSI=0x00007f865980b000 is a thread
RDI=0x0002000000000000 is an unknown value
R8 =0x0000000000000001 is an unknown value
R9 =0x00007f8657e15ea0 is an unknown value
R10=0x0000000000000001 is an unknown value
R11=0x0000000000000002 is an unknown value
R12=0x00007f865980b000 is a thread
R13=0x0002000000000000 is an unknown value
R14=0x0002000000000000 is an unknown value
R15=0x00007f8657d02a70 is an unknown value


Stack: [0x000070000243e000,0x000070000253e000],  sp=0x000070000253d9d0,  free space=1022k
Native frames: (J=compiled Java code, j=interpreted, Vv=VM code, C=native code)
V  [libjvm.dylib+0x448358]
V  [libjvm.dylib+0x357316]
C  [libjdwp.dylib+0x20780]  isMethodSynthetic+0x63
C  [libjdwp.dylib+0x51f3]  methods1+0x10b
C  [libjdwp.dylib+0x52ec]  methodsWithGeneric+0xe
C  [libjdwp.dylib+0xe898]  debugLoop_run+0x1ce
C  [libjdwp.dylib+0x1f6ba]  attachThread+0x4d
V  [libjvm.dylib+0x39867c]
V  [libjvm.dylib+0x563d17]
V  [libjvm.dylib+0x565412]
V  [libjvm.dylib+0x484f82]
C  [libsystem_pthread.dylib+0x3aab]  _pthread_body+0xb4
C  [libsystem_pthread.dylib+0x39f7]  _pthread_body+0x0
C  [libsystem_pthread.dylib+0x3221]  thread_start+0xd
C  0x0000000000000000


---------------  P R O C E S S  ---------------

Java Threads: ( => current thread )
  0x00007f865886f800 JavaThread "Service Thread" daemon [_thread_blocked, id=20227, stack(0x0000700002a50000,0x0000700002b50000)]
  0x00007f8659813800 JavaThread "C1 CompilerThread2" daemon [_thread_blocked, id=19715, stack(0x000070000294d000,0x0000700002a4d000)]
  0x00007f865887f000 JavaThread "C2 CompilerThread1" daemon [_thread_blocked, id=19203, stack(0x000070000284a000,0x000070000294a000)]
  0x00007f8659010000 JavaThread "C2 CompilerThread0" daemon [_thread_blocked, id=18691, stack(0x0000700002747000,0x0000700002847000)]
  0x00007f8659815800 JavaThread "JDWP Command Reader" daemon [_thread_in_native, id=18179, stack(0x0000700002644000,0x0000700002744000)]
  0x00007f8659814800 JavaThread "JDWP Event Helper Thread" daemon [_thread_blocked, id=17667, stack(0x0000700002541000,0x0000700002641000)]
=>0x00007f865980b000 JavaThread "JDWP Transport Listener: dt_socket" daemon [_thread_in_vm, id=17155, stack(0x000070000243e000,0x000070000253e000)]
  0x00007f865801a800 JavaThread "Signal Dispatcher" daemon [_thread_blocked, id=16643, stack(0x000070000233b000,0x000070000243b000)]
  0x00007f8659008000 JavaThread "Finalizer" daemon [_thread_blocked, id=12547, stack(0x0000700002238000,0x0000700002338000)]
  0x00007f8658031000 JavaThread "Reference Handler" daemon [_thread_blocked, id=12035, stack(0x0000700002135000,0x0000700002235000)]
  0x00007f8658009800 JavaThread "main" [_thread_blocked, id=6915, stack(0x0000700001b23000,0x0000700001c23000)]

Other Threads:
  0x00007f865802c800 VMThread [stack: 0x0000700002032000,0x0000700002132000] [id=11523]
  0x00007f8659015000 WatcherThread [stack: 0x0000700002b53000,0x0000700002c53000] [id=20739]

VM state:not at safepoint (normal execution)

VM Mutex/Monitor currently owned by a thread: None

Heap:
 PSYoungGen      total 38400K, used 2662K [0x0000000795580000, 0x0000000798000000, 0x00000007c0000000)
  eden space 33280K, 8% used [0x0000000795580000,0x00000007958199c0,0x0000000797600000)
  from space 5120K, 0% used [0x0000000797b00000,0x0000000797b00000,0x0000000798000000)
  to   space 5120K, 0% used [0x0000000797600000,0x0000000797600000,0x0000000797b00000)
 ParOldGen       total 87552K, used 0K [0x0000000740000000, 0x0000000745580000, 0x0000000795580000)
  object space 87552K, 0% used [0x0000000740000000,0x0000000740000000,0x0000000745580000)
 Metaspace       used 2703K, capacity 4562K, committed 4864K, reserved 1056768K
  class space    used 289K, capacity 386K, committed 512K, reserved 1048576K

Card table byte_map: [0x0000000103f54000,0x0000000104355000] byte_map_base: 0x0000000100554000

Marking Bits: (ParMarkBitMap*) 0x00000001034e6eb0
 Begin Bits: [0x0000000104600000, 0x0000000106600000)
 End Bits:   [0x0000000106600000, 0x0000000108600000)

Polling page: 0x0000000102267000

CodeCache: size=245760Kb used=1128Kb max_used=1128Kb free=244631Kb
 bounds [0x000000010ec35000, 0x000000010eea5000, 0x000000011dc35000]
 total_blobs=269 nmethods=46 adapters=145
 compilation: enabled

Compilation events (10 events):
Event: 0.194 Thread 0x00007f8659813800   42       1       java.net.URL::getFile (5 bytes)
Event: 0.194 Thread 0x00007f8659813800 nmethod 42 0x000000010ed4e7d0 code [0x000000010ed4e920, 0x000000010ed4ea30]
Event: 0.194 Thread 0x00007f8659813800   43       3       java.nio.charset.CharsetEncoder::maxBytesPerChar (5 bytes)
Event: 0.195 Thread 0x00007f8659813800 nmethod 43 0x000000010ed4ea90 code [0x000000010ed4ebe0, 0x000000010ed4ed30]
Event: 0.195 Thread 0x00007f8659813800   44       1       java.util.ArrayList::size (5 bytes)
Event: 0.196 Thread 0x00007f8659813800 nmethod 44 0x000000010ed4ed90 code [0x000000010ed4eee0, 0x000000010ed4eff0]
Event: 0.196 Thread 0x00007f8659813800   45       3       java.util.BitSet::wordIndex (5 bytes)
Event: 0.196 Thread 0x00007f8659813800 nmethod 45 0x000000010ed4f050 code [0x000000010ed4f1a0, 0x000000010ed4f2d0]
Event: 17.356 Thread 0x00007f8659813800   46       3       java.lang.StringBuilder::toString (17 bytes)
Event: 17.356 Thread 0x00007f8659813800 nmethod 46 0x000000010ed4f350 code [0x000000010ed4f4c0, 0x000000010ed4f6c8]

GC Heap History (0 events):
No events

Deoptimization events (0 events):
No events

Internal exceptions (2 events):
Event: 0.051 Thread 0x00007f8658009800 Exception <a 'java/lang/NoSuchMethodError': Method sun.misc.Unsafe.defineClass(Ljava/lang/String;[BII)Ljava/lang/Class; name or signature does not match> (0x0000000795587cc0) thrown at [/Users/java_re/workspace/8-2-build-macosx-x86_64/jdk8u91/6644/hotspot
Event: 0.051 Thread 0x00007f8658009800 Exception <a 'java/lang/NoSuchMethodError': Method sun.misc.Unsafe.prefetchRead(Ljava/lang/Object;J)V name or signature does not match> (0x0000000795587fa8) thrown at [/Users/java_re/workspace/8-2-build-macosx-x86_64/jdk8u91/6644/hotspot/src/share/vm/prim

Events (10 events):
Event: 1789.321 Executing VM operation: ChangeBreakpoints
Event: 1789.321 Executing VM operation: ChangeBreakpoints done
Event: 1789.322 Executing VM operation: ChangeBreakpoints
Event: 1789.322 Executing VM operation: ChangeBreakpoints done
Event: 1961.066 Executing VM operation: ChangeBreakpoints
Event: 1961.066 Executing VM operation: ChangeBreakpoints done
Event: 1961.066 Executing VM operation: ChangeBreakpoints
Event: 1961.066 Executing VM operation: ChangeBreakpoints done
Event: 1961.068 Executing VM operation: RedefineClasses
Event: 1961.068 Executing VM operation: RedefineClasses done


Dynamic libraries:
0x0000000005021000 	/System/Library/Frameworks/Cocoa.framework/Versions/A/Cocoa
0x0000000005021000 	/System/Library/Frameworks/Security.framework/Versions/A/Security
0x0000000005021000 	/System/Library/Frameworks/ApplicationServices.framework/Versions/A/ApplicationServices
0x0000000005021000 	/usr/lib/libz.1.dylib
0x0000000005021000 	/usr/lib/libSystem.B.dylib
0x0000000005021000 	/usr/lib/libobjc.A.dylib
0x0000000005021000 	/System/Library/Frameworks/CoreFoundation.framework/Versions/A/CoreFoundation
0x0000000005021000 	/System/Library/Frameworks/Foundation.framework/Versions/C/Foundation
0x0000000005021000 	/System/Library/Frameworks/AppKit.framework/Versions/C/AppKit
0x0000000005021000 	/System/Library/Frameworks/CoreData.framework/Versions/A/CoreData
0x0000000005021000 	/System/Library/PrivateFrameworks/RemoteViewServices.framework/Versions/A/RemoteViewServices
0x0000000005021000 	/System/Library/PrivateFrameworks/UIFoundation.framework/Versions/A/UIFoundation
0x0000000005021000 	/usr/lib/libenergytrace.dylib
0x0000000005021000 	/System/Library/PrivateFrameworks/SkyLight.framework/Versions/A/SkyLight
0x0000000005021000 	/System/Library/Frameworks/CoreGraphics.framework/Versions/A/CoreGraphics
0x0000000005021000 	/usr/lib/libScreenReader.dylib
0x0000000005021000 	/System/Library/Frameworks/Accelerate.framework/Versions/A/Accelerate
0x0000000005021000 	/System/Library/Frameworks/IOSurface.framework/Versions/A/IOSurface
0x0000000005021000 	/System/Library/Frameworks/AudioToolbox.framework/Versions/A/AudioToolbox
0x0000000005021000 	/System/Library/Frameworks/AudioUnit.framework/Versions/A/AudioUnit
0x0000000005021000 	/System/Library/PrivateFrameworks/DataDetectorsCore.framework/Versions/A/DataDetectorsCore
0x0000000005021000 	/System/Library/PrivateFrameworks/DesktopServicesPriv.framework/Versions/A/DesktopServicesPriv
0x0000000005021000 	/System/Library/Frameworks/Carbon.framework/Versions/A/Frameworks/HIToolbox.framework/Versions/A/HIToolbox
0x0000000005021000 	/usr/lib/libicucore.A.dylib
0x0000000005021000 	/System/Library/Frameworks/QuartzCore.framework/Versions/A/QuartzCore
0x0000000005021000 	/System/Library/Frameworks/Carbon.framework/Versions/A/Frameworks/SpeechRecognition.framework/Versions/A/SpeechRecognition
0x0000000005021000 	/usr/lib/libauto.dylib
0x0000000005021000 	/usr/lib/libxml2.2.dylib
0x0000000005021000 	/System/Library/PrivateFrameworks/CoreUI.framework/Versions/A/CoreUI
0x0000000005021000 	/System/Library/Frameworks/CoreAudio.framework/Versions/A/CoreAudio
0x0000000005021000 	/System/Library/Frameworks/DiskArbitration.framework/Versions/A/DiskArbitration
0x0000000005021000 	/usr/lib/liblangid.dylib
0x0000000005021000 	/System/Library/PrivateFrameworks/MultitouchSupport.framework/Versions/A/MultitouchSupport
0x0000000005021000 	/System/Library/Frameworks/IOKit.framework/Versions/A/IOKit
0x0000000005021000 	/usr/lib/libDiagnosticMessagesClient.dylib
0x0000000005021000 	/System/Library/Frameworks/CoreServices.framework/Versions/A/CoreServices
0x0000000005021000 	/System/Library/PrivateFrameworks/PerformanceAnalysis.framework/Versions/A/PerformanceAnalysis
0x0000000005021000 	/System/Library/PrivateFrameworks/GenerationalStorage.framework/Versions/A/GenerationalStorage
0x0000000005021000 	/System/Library/Frameworks/OpenGL.framework/Versions/A/OpenGL
0x0000000005021000 	/System/Library/Frameworks/CoreImage.framework/Versions/A/CoreImage
0x0000000005021000 	/System/Library/Frameworks/CoreText.framework/Versions/A/CoreText
0x0000000005021000 	/System/Library/Frameworks/ImageIO.framework/Versions/A/ImageIO
0x0000000005021000 	/System/Library/PrivateFrameworks/Backup.framework/Versions/A/Backup
0x0000000005021000 	/usr/lib/libarchive.2.dylib
0x0000000005021000 	/System/Library/Frameworks/CFNetwork.framework/Versions/A/CFNetwork
0x0000000005021000 	/System/Library/Frameworks/SystemConfiguration.framework/Versions/A/SystemConfiguration
0x0000000005021000 	/usr/lib/libCRFSuite.dylib
0x0000000005021000 	/usr/lib/libc++.1.dylib
0x0000000005021000 	/usr/lib/libc++abi.dylib
0x0000000005021000 	/usr/lib/system/libcache.dylib
0x0000000005021000 	/usr/lib/system/libcommonCrypto.dylib
0x0000000005021000 	/usr/lib/system/libcompiler_rt.dylib
0x0000000005021000 	/usr/lib/system/libcopyfile.dylib
0x0000000005021000 	/usr/lib/system/libcorecrypto.dylib
0x0000000005021000 	/usr/lib/system/libdispatch.dylib
0x0000000005021000 	/usr/lib/system/libdyld.dylib
0x0000000005021000 	/usr/lib/system/libkeymgr.dylib
0x0000000005021000 	/usr/lib/system/liblaunch.dylib
0x0000000005021000 	/usr/lib/system/libmacho.dylib
0x0000000005021000 	/usr/lib/system/libquarantine.dylib
0x0000000005021000 	/usr/lib/system/libremovefile.dylib
0x0000000005021000 	/usr/lib/system/libsystem_asl.dylib
0x0000000005021000 	/usr/lib/system/libsystem_blocks.dylib
0x0000000005021000 	/usr/lib/system/libsystem_c.dylib
0x0000000005021000 	/usr/lib/system/libsystem_configuration.dylib
0x0000000005021000 	/usr/lib/system/libsystem_coreservices.dylib
0x0000000005021000 	/usr/lib/system/libsystem_coretls.dylib
0x0000000005021000 	/usr/lib/system/libsystem_dnssd.dylib
0x0000000005021000 	/usr/lib/system/libsystem_info.dylib
0x0000000005021000 	/usr/lib/system/libsystem_kernel.dylib
0x0000000005021000 	/usr/lib/system/libsystem_m.dylib
0x0000000005021000 	/usr/lib/system/libsystem_malloc.dylib
0x0000000005021000 	/usr/lib/system/libsystem_network.dylib
0x0000000005021000 	/usr/lib/system/libsystem_networkextension.dylib
0x0000000005021000 	/usr/lib/system/libsystem_notify.dylib
0x0000000005021000 	/usr/lib/system/libsystem_platform.dylib
0x0000000005021000 	/usr/lib/system/libsystem_pthread.dylib
0x0000000005021000 	/usr/lib/system/libsystem_sandbox.dylib
0x0000000005021000 	/usr/lib/system/libsystem_secinit.dylib
0x0000000005021000 	/usr/lib/system/libsystem_symptoms.dylib
0x0000000005021000 	/usr/lib/system/libsystem_trace.dylib
0x0000000005021000 	/usr/lib/system/libunwind.dylib
0x0000000005021000 	/usr/lib/system/libxpc.dylib
0x0000000005021000 	/usr/lib/libbsm.0.dylib
0x0000000005021000 	/usr/lib/system/libkxld.dylib
0x0000000005021000 	/usr/lib/libcoretls.dylib
0x0000000005021000 	/usr/lib/libcoretls_cfhelpers.dylib
0x0000000005021000 	/usr/lib/libxar.1.dylib
0x0000000005021000 	/usr/lib/libsqlite3.dylib
0x0000000005021000 	/usr/lib/libpam.2.dylib
0x0000000005021000 	/usr/lib/libOpenScriptingUtil.dylib
0x0000000005021000 	/usr/lib/libbz2.1.0.dylib
0x0000000005021000 	/usr/lib/liblzma.5.dylib
0x0000000005021000 	/usr/lib/libnetwork.dylib
0x0000000005021000 	/usr/lib/libpcap.A.dylib
0x0000000005021000 	/System/Library/Frameworks/CoreServices.framework/Versions/A/Frameworks/FSEvents.framework/Versions/A/FSEvents
0x0000000005021000 	/System/Library/Frameworks/CoreServices.framework/Versions/A/Frameworks/CarbonCore.framework/Versions/A/CarbonCore
0x0000000005021000 	/System/Library/Frameworks/CoreServices.framework/Versions/A/Frameworks/Metadata.framework/Versions/A/Metadata
0x0000000005021000 	/System/Library/Frameworks/CoreServices.framework/Versions/A/Frameworks/OSServices.framework/Versions/A/OSServices
0x0000000005021000 	/System/Library/Frameworks/CoreServices.framework/Versions/A/Frameworks/SearchKit.framework/Versions/A/SearchKit
0x0000000005021000 	/System/Library/Frameworks/CoreServices.framework/Versions/A/Frameworks/AE.framework/Versions/A/AE
0x0000000005021000 	/System/Library/Frameworks/CoreServices.framework/Versions/A/Frameworks/LaunchServices.framework/Versions/A/LaunchServices
0x0000000005021000 	/System/Library/Frameworks/CoreServices.framework/Versions/A/Frameworks/DictionaryServices.framework/Versions/A/DictionaryServices
0x0000000005021000 	/System/Library/Frameworks/CoreServices.framework/Versions/A/Frameworks/SharedFileList.framework/Versions/A/SharedFileList
0x0000000005021000 	/System/Library/Frameworks/NetFS.framework/Versions/A/NetFS
0x0000000005021000 	/System/Library/PrivateFrameworks/NetAuth.framework/Versions/A/NetAuth
0x0000000005021000 	/System/Library/PrivateFrameworks/login.framework/Versions/A/Frameworks/loginsupport.framework/Versions/A/loginsupport
0x0000000005021000 	/System/Library/PrivateFrameworks/TCC.framework/Versions/A/TCC
0x0000000005021000 	/usr/lib/libmecabra.dylib
0x0000000005021000 	/System/Library/Frameworks/ApplicationServices.framework/Versions/A/Frameworks/ATS.framework/Versions/A/ATS
0x0000000005021000 	/System/Library/Frameworks/ApplicationServices.framework/Versions/A/Frameworks/ColorSync.framework/Versions/A/ColorSync
0x0000000005021000 	/System/Library/Frameworks/ApplicationServices.framework/Versions/A/Frameworks/HIServices.framework/Versions/A/HIServices
0x0000000005021000 	/System/Library/Frameworks/ApplicationServices.framework/Versions/A/Frameworks/LangAnalysis.framework/Versions/A/LangAnalysis
0x0000000005021000 	/System/Library/Frameworks/ApplicationServices.framework/Versions/A/Frameworks/PrintCore.framework/Versions/A/PrintCore
0x0000000005021000 	/System/Library/Frameworks/ApplicationServices.framework/Versions/A/Frameworks/QD.framework/Versions/A/QD
0x0000000005021000 	/System/Library/Frameworks/ApplicationServices.framework/Versions/A/Frameworks/SpeechSynthesis.framework/Versions/A/SpeechSynthesis
0x0000000005021000 	/System/Library/Frameworks/Accelerate.framework/Versions/A/Frameworks/vImage.framework/Versions/A/vImage
0x0000000005021000 	/System/Library/Frameworks/Accelerate.framework/Versions/A/Frameworks/vecLib.framework/Versions/A/vecLib
0x0000000005021000 	/System/Library/Frameworks/Accelerate.framework/Versions/A/Frameworks/vecLib.framework/Versions/A/libvDSP.dylib
0x0000000005021000 	/System/Library/Frameworks/Accelerate.framework/Versions/A/Frameworks/vecLib.framework/Versions/A/libBNNS.dylib
0x0000000005021000 	/System/Library/Frameworks/Accelerate.framework/Versions/A/Frameworks/vecLib.framework/Versions/A/libQuadrature.dylib
0x0000000005021000 	/System/Library/Frameworks/Accelerate.framework/Versions/A/Frameworks/vecLib.framework/Versions/A/libvMisc.dylib
0x0000000005021000 	/System/Library/Frameworks/Accelerate.framework/Versions/A/Frameworks/vecLib.framework/Versions/A/libLAPACK.dylib
0x0000000005021000 	/System/Library/Frameworks/Accelerate.framework/Versions/A/Frameworks/vecLib.framework/Versions/A/libBLAS.dylib
0x0000000005021000 	/System/Library/Frameworks/Accelerate.framework/Versions/A/Frameworks/vecLib.framework/Versions/A/libLinearAlgebra.dylib
0x0000000005021000 	/System/Library/Frameworks/Accelerate.framework/Versions/A/Frameworks/vecLib.framework/Versions/A/libSparseBLAS.dylib
0x0000000005021000 	/System/Library/Frameworks/ApplicationServices.framework/Versions/A/Frameworks/ATS.framework/Versions/A/Resources/libFontParser.dylib
0x0000000005021000 	/System/Library/Frameworks/ApplicationServices.framework/Versions/A/Frameworks/ATS.framework/Versions/A/Resources/libFontRegistry.dylib
0x0000000005021000 	/System/Library/Frameworks/ImageIO.framework/Versions/A/Resources/libJPEG.dylib
0x0000000005021000 	/System/Library/Frameworks/ImageIO.framework/Versions/A/Resources/libTIFF.dylib
0x0000000005021000 	/System/Library/Frameworks/ImageIO.framework/Versions/A/Resources/libPng.dylib
0x0000000005021000 	/System/Library/Frameworks/ImageIO.framework/Versions/A/Resources/libGIF.dylib
0x0000000005021000 	/System/Library/Frameworks/ImageIO.framework/Versions/A/Resources/libJP2.dylib
0x0000000005021000 	/System/Library/Frameworks/ImageIO.framework/Versions/A/Resources/libRadiance.dylib
0x0000000005021000 	/usr/lib/libcompression.dylib
0x0000000005021000 	/System/Library/PrivateFrameworks/AppleJPEG.framework/Versions/A/AppleJPEG
0x0000000005021000 	/usr/lib/libcups.2.dylib
0x0000000005021000 	/System/Library/Frameworks/Kerberos.framework/Versions/A/Kerberos
0x0000000005021000 	/System/Library/Frameworks/GSS.framework/Versions/A/GSS
0x0000000005021000 	/usr/lib/libresolv.9.dylib
0x0000000005021000 	/usr/lib/libiconv.2.dylib
0x0000000005021000 	/System/Library/PrivateFrameworks/Heimdal.framework/Versions/A/Heimdal
0x0000000005021000 	/usr/lib/libheimdal-asn1.dylib
0x0000000005021000 	/System/Library/Frameworks/OpenDirectory.framework/Versions/A/OpenDirectory
0x0000000005021000 	/System/Library/PrivateFrameworks/CommonAuth.framework/Versions/A/CommonAuth
0x0000000005021000 	/System/Library/Frameworks/OpenDirectory.framework/Versions/A/Frameworks/CFOpenDirectory.framework/Versions/A/CFOpenDirectory
0x0000000005021000 	/System/Library/Frameworks/SecurityFoundation.framework/Versions/A/SecurityFoundation
0x0000000005021000 	/System/Library/PrivateFrameworks/LanguageModeling.framework/Versions/A/LanguageModeling
0x0000000005021000 	/usr/lib/libmarisa.dylib
0x0000000005021000 	/usr/lib/libChineseTokenizer.dylib
0x0000000005021000 	/usr/lib/libcmph.dylib
0x0000000005021000 	/System/Library/PrivateFrameworks/CoreEmoji.framework/Versions/A/CoreEmoji
0x0000000005021000 	/System/Library/Frameworks/ServiceManagement.framework/Versions/A/ServiceManagement
0x0000000005021000 	/usr/lib/libxslt.1.dylib
0x0000000005021000 	/System/Library/Frameworks/Carbon.framework/Versions/A/Frameworks/Ink.framework/Versions/A/Ink
0x0000000005021000 	/System/Library/PrivateFrameworks/TextureIO.framework/Versions/A/TextureIO
0x0000000005021000 	/System/Library/Frameworks/Metal.framework/Versions/A/Metal
0x0000000005021000 	/usr/lib/libate.dylib
0x0000000005021000 	/System/Library/PrivateFrameworks/GPUCompiler.framework/libmetal_timestamp.dylib
0x0000000005021000 	/System/Library/Frameworks/OpenGL.framework/Versions/A/Libraries/libCoreFSCache.dylib
0x0000000005021000 	/System/Library/PrivateFrameworks/IOAccelerator.framework/Versions/A/IOAccelerator
0x0000000005021000 	/System/Library/Frameworks/CoreVideo.framework/Versions/A/CoreVideo
0x0000000005021000 	/usr/lib/libFosl_dynamic.dylib
0x0000000005021000 	/System/Library/PrivateFrameworks/MetalPerformanceShaders.framework/Versions/A/MetalPerformanceShaders
0x0000000005021000 	/System/Library/PrivateFrameworks/FaceCore.framework/Versions/A/FaceCore
0x0000000005021000 	/System/Library/Frameworks/OpenCL.framework/Versions/A/OpenCL
0x0000000005021000 	/System/Library/Frameworks/OpenGL.framework/Versions/A/Libraries/libGLU.dylib
0x0000000005021000 	/System/Library/Frameworks/OpenGL.framework/Versions/A/Libraries/libGFXShared.dylib
0x0000000005021000 	/System/Library/Frameworks/OpenGL.framework/Versions/A/Libraries/libGL.dylib
0x0000000005021000 	/System/Library/Frameworks/OpenGL.framework/Versions/A/Libraries/libGLImage.dylib
0x0000000005021000 	/System/Library/Frameworks/OpenGL.framework/Versions/A/Libraries/libCVMSPluginSupport.dylib
0x0000000005021000 	/System/Library/Frameworks/OpenGL.framework/Versions/A/Libraries/libCoreVMClient.dylib
0x0000000005021000 	/System/Library/PrivateFrameworks/CrashReporterSupport.framework/Versions/A/CrashReporterSupport
0x0000000005021000 	/System/Library/PrivateFrameworks/Sharing.framework/Versions/A/Sharing
0x0000000005021000 	/System/Library/PrivateFrameworks/IconServices.framework/Versions/A/IconServices
0x0000000005021000 	/System/Library/PrivateFrameworks/ProtocolBuffer.framework/Versions/A/ProtocolBuffer
0x0000000005021000 	/System/Library/PrivateFrameworks/Apple80211.framework/Versions/A/Apple80211
0x0000000005021000 	/System/Library/Frameworks/CoreWLAN.framework/Versions/A/CoreWLAN
0x0000000005021000 	/System/Library/PrivateFrameworks/CoreUtils.framework/Versions/A/CoreUtils
0x0000000005021000 	/System/Library/Frameworks/IOBluetooth.framework/Versions/A/IOBluetooth
0x0000000005021000 	/System/Library/PrivateFrameworks/CoreWiFi.framework/Versions/A/CoreWiFi
0x0000000005021000 	/System/Library/Frameworks/CoreBluetooth.framework/Versions/A/CoreBluetooth
0x0000000005021000 	/System/Library/Frameworks/CoreDisplay.framework/Versions/A/CoreDisplay
0x0000000005021000 	/System/Library/PrivateFrameworks/IOPresentment.framework/Versions/A/IOPresentment
0x0000000005021000 	/System/Library/PrivateFrameworks/DebugSymbols.framework/Versions/A/DebugSymbols
0x0000000005021000 	/System/Library/PrivateFrameworks/CoreSymbolication.framework/Versions/A/CoreSymbolication
0x0000000005021000 	/System/Library/PrivateFrameworks/Symbolication.framework/Versions/A/Symbolication
0x0000000005021000 	/System/Library/PrivateFrameworks/AppleFSCompression.framework/Versions/A/AppleFSCompression
0x0000000005021000 	/System/Library/PrivateFrameworks/SpeechRecognitionCore.framework/Versions/A/SpeechRecognitionCore
0x0000000005021000 	/System/Library/PrivateFrameworks/ChunkingLibrary.framework/Versions/A/ChunkingLibrary
0x0000000102c00000 	/Library/Java/JavaVirtualMachines/jdk1.8.0_91.jdk/Contents/Home/jre/lib/server/libjvm.dylib
0x0000000005021000 	/usr/lib/libstdc++.6.dylib
0x0000000102224000 	/Library/Java/JavaVirtualMachines/jdk1.8.0_91.jdk/Contents/Home/jre/lib/libverify.dylib
0x0000000102232000 	/Library/Java/JavaVirtualMachines/jdk1.8.0_91.jdk/Contents/Home/jre/lib/libjava.dylib
0x0000000102268000 	/Library/Java/JavaVirtualMachines/jdk1.8.0_91.jdk/Contents/Home/jre/lib/libjdwp.dylib
0x00000001022b3000 	/Library/Java/JavaVirtualMachines/jdk1.8.0_91.jdk/Contents/Home/jre/lib/libnpt.dylib
0x00000001022c0000 	/Library/Java/JavaVirtualMachines/jdk1.8.0_91.jdk/Contents/Home/jre/lib/libzip.dylib
0x000000010a3d5000 	/System/Library/Frameworks/JavaVM.framework/Frameworks/JavaRuntimeSupport.framework/JavaRuntimeSupport
0x00000001023eb000 	/System/Library/Frameworks/JavaVM.framework/Versions/A/Frameworks/JavaNativeFoundation.framework/Versions/A/JavaNativeFoundation
0x000000010a3ef000 	/System/Library/Frameworks/JavaVM.framework/Versions/A/JavaVM
0x0000000005021000 	/System/Library/Frameworks/Carbon.framework/Versions/A/Carbon
0x000000010a3fc000 	/System/Library/PrivateFrameworks/JavaLaunching.framework/Versions/A/JavaLaunching
0x0000000005021000 	/System/Library/Frameworks/Carbon.framework/Versions/A/Frameworks/CommonPanels.framework/Versions/A/CommonPanels
0x0000000005021000 	/System/Library/Frameworks/Carbon.framework/Versions/A/Frameworks/Help.framework/Versions/A/Help
0x0000000005021000 	/System/Library/Frameworks/Carbon.framework/Versions/A/Frameworks/ImageCapture.framework/Versions/A/ImageCapture
0x0000000005021000 	/System/Library/Frameworks/Carbon.framework/Versions/A/Frameworks/OpenScripting.framework/Versions/A/OpenScripting
0x0000000005021000 	/System/Library/Frameworks/Carbon.framework/Versions/A/Frameworks/Print.framework/Versions/A/Print
0x0000000005021000 	/System/Library/Frameworks/Carbon.framework/Versions/A/Frameworks/SecurityHI.framework/Versions/A/SecurityHI
0x000000010bd06000 	/Library/Java/JavaVirtualMachines/jdk1.8.0_91.jdk/Contents/Home/jre/lib/libdt_socket.dylib

VM Arguments:
jvm_args: -agentlib:jdwp=transport=dt_socket,address=127.0.0.1:51055,suspend=y,server=n -Dfile.encoding=UTF-8 
java_command: practice.main.StringOps
java_class_path (initial): /Library/Java/JavaVirtualMachines/jdk1.8.0_91.jdk/Contents/Home/jre/lib/charsets.jar:/Library/Java/JavaVirtualMachines/jdk1.8.0_91.jdk/Contents/Home/jre/lib/deploy.jar:/Library/Java/JavaVirtualMachines/jdk1.8.0_91.jdk/Contents/Home/jre/lib/ext/cldrdata.jar:/Library/Java/JavaVirtualMachines/jdk1.8.0_91.jdk/Contents/Home/jre/lib/ext/dnsns.jar:/Library/Java/JavaVirtualMachines/jdk1.8.0_91.jdk/Contents/Home/jre/lib/ext/jaccess.jar:/Library/Java/JavaVirtualMachines/jdk1.8.0_91.jdk/Contents/Home/jre/lib/ext/jfxrt.jar:/Library/Java/JavaVirtualMachines/jdk1.8.0_91.jdk/Contents/Home/jre/lib/ext/localedata.jar:/Library/Java/JavaVirtualMachines/jdk1.8.0_91.jdk/Contents/Home/jre/lib/ext/nashorn.jar:/Library/Java/JavaVirtualMachines/jdk1.8.0_91.jdk/Contents/Home/jre/lib/ext/sunec.jar:/Library/Java/JavaVirtualMachines/jdk1.8.0_91.jdk/Contents/Home/jre/lib/ext/sunjce_provider.jar:/Library/Java/JavaVirtualMachines/jdk1.8.0_91.jdk/Contents/Home/jre/lib/ext/sunpkcs11.jar:/Library/Java/JavaVirtualMachines/jdk1.8.0_91.jdk/Contents/Home/jre/lib/ext/zipfs.jar:/Library/Java/JavaVirtualMachines/jdk1.8.0_91.jdk/Contents/Home/jre/lib/javaws.jar:/Library/Java/JavaVirtualMachines/jdk1.8.0_91.jdk/Contents/Home/jre/lib/jce.jar:/Library/Java/JavaVirtualMachines/jdk1.8.0_91.jdk/Contents/Home/jre/lib/jfr.jar:/Library/Java/JavaVirtualMachines/jdk1.8.0_91.jdk/Contents/Home/jre/lib/jfxswt.jar:/Library/Java/JavaVirtualMachines/jdk1.8.0_91.jdk/Contents/Home/jre/lib/jsse.jar:/Library/Java/JavaVirtualMachines/jdk1.8.0_91.jdk/Contents/Home/jre/lib/management-agent.jar:/Library/Java/JavaVirtualMachines/jdk1.8.0_91.jdk/Contents/Home/jre/lib/plugin.jar:/Library/Java/JavaVirtualMachines/jdk1.8.0_91.jdk/Contents/Home/jre/lib/resources.jar:/Library/Java/JavaVirtualMachines/jdk1.8.0_91.jdk/Contents/Home/jre/lib/rt.jar:/Library/Java/JavaVirtualMachines/jdk1.8.0_91.jdk/Contents/Home/lib/ant-javafx.jar:/Library/Java/JavaVirtualMachines/jdk1.8.0_91.jdk/Contents/Home/lib/dt.jar:/Library/Ja
Launcher Type: SUN_STANDARD

Environment Variables:
JAVA_HOME=/Library/Java/JavaVirtualMachines/jdk1.8.0_91.jdk/Contents/Home
PATH=/Applications/apache-maven-3.3.9/bin:/usr/local/bin:/usr/bin:/bin:/usr/sbin:/sbin:/usr/local/go/bin
SHELL=/bin/bash

Signal Handlers:
SIGSEGV: [libjvm.dylib+0x5a97a1], sa_mask[0]=11111111011111110111111111111111, sa_flags=SA_ONSTACK|SA_RESTART|SA_SIGINFO
SIGBUS: [libjvm.dylib+0x5a97a1], sa_mask[0]=11111111011111110111111111111111, sa_flags=SA_RESTART|SA_SIGINFO
SIGFPE: [libjvm.dylib+0x482594], sa_mask[0]=11111111011111110111111111111111, sa_flags=SA_RESTART|SA_SIGINFO
SIGPIPE: [libjvm.dylib+0x482594], sa_mask[0]=11111111011111110111111111111111, sa_flags=SA_RESTART|SA_SIGINFO
SIGXFSZ: [libjvm.dylib+0x482594], sa_mask[0]=11111111011111110111111111111111, sa_flags=SA_RESTART|SA_SIGINFO
SIGILL: [libjvm.dylib+0x482594], sa_mask[0]=11111111011111110111111111111111, sa_flags=SA_RESTART|SA_SIGINFO
SIGUSR1: SIG_DFL, sa_mask[0]=00000000000000000000000000000000, sa_flags=none
SIGUSR2: [libjvm.dylib+0x4820b2], sa_mask[0]=00100000000000000000000000000000, sa_flags=SA_RESTART|SA_SIGINFO
SIGHUP: [libjvm.dylib+0x480689], sa_mask[0]=11111111011111110111111111111111, sa_flags=SA_RESTART|SA_SIGINFO
SIGINT: [libjvm.dylib+0x480689], sa_mask[0]=11111111011111110111111111111111, sa_flags=SA_RESTART|SA_SIGINFO
SIGTERM: [libjvm.dylib+0x480689], sa_mask[0]=11111111011111110111111111111111, sa_flags=SA_RESTART|SA_SIGINFO
SIGQUIT: [libjvm.dylib+0x480689], sa_mask[0]=11111111011111110111111111111111, sa_flags=SA_RESTART|SA_SIGINFO


---------------  S Y S T E M  ---------------

OS:Bsduname:Darwin 16.1.0 Darwin Kernel Version 16.1.0: Thu Oct 13 21:26:57 PDT 2016; root:xnu-3789.21.3~60/RELEASE_X86_64 x86_64
rlimit: STACK 8192k, CORE 0k, NPROC 709, NOFILE 10240, AS infinity
load average:2.67 2.29 2.26

CPU:total 4 (2 cores per cpu, 2 threads per core) family 6 model 58 stepping 9, cmov, cx8, fxsr, mmx, sse, sse2, sse3, ssse3, sse4.1, sse4.2, popcnt, avx, aes, clmul, erms, ht, tsc, tscinvbit, tscinv

Memory: 4k page, physical 8388608k(2525544k free)

/proc/meminfo:


vm_info: Java HotSpot(TM) 64-Bit Server VM (25.91-b14) for bsd-amd64 JRE (1.8.0_91-b14), built on Apr  1 2016 01:03:00 by "java_re" with gcc 4.2.1 (Based on Apple Inc. build 5658) (LLVM build 2336.11.00)

time: Fri Nov  4 23:07:51 2016
elapsed time: 1961 seconds (0d 0h 32m 41s)

